2025-11-18 13:31:16, MOVE, v:1, k:poo@budega, mode:PICK
2025-11-18 13:31:17, EXEC, v:1, k:poo@budega, mode:FULL, rate:0, size:52
2025-11-18 13:31:17, EXEC, v:1, k:poo@budega, mode:FULL, rate:0, size:52
2025-11-18 13:31:19, EXEC, v:1, k:poo@budega, mode:FULL, rate:0, size:52
2025-11-18 13:31:19, MOVE, v:1, k:poo@budega, mode:BACK
2025-11-18 13:33:24, MOVE, v:1, k:poo@lapiseira, mode:DOWN
2025-11-18 13:33:24, MOVE, v:1, k:poo@lapiseira, mode:PICK
2025-11-18 13:33:26, EXEC, v:1, k:poo@lapiseira, mode:FULL, rate:0, size:0
2025-11-18 13:33:28, EXEC, v:1, k:poo@lapiseira, mode:FULL, rate:0
2025-11-18 13:33:33, MOVE, v:1, k:poo@lapiseira, mode:BACK
2025-11-18 13:48:46, MOVE, v:1, k:poo@budega, mode:PICK
2025-11-18 13:48:46, EXEC, v:1, k:poo@budega, mode:FULL, rate:0, size:58
2025-11-18 13:48:47, EXEC, v:1, k:poo@budega, mode:FULL, rate:0
2025-11-18 13:48:47, EXEC, v:1, k:poo@budega, mode:FULL, rate:0
2025-11-18 13:49:43, EXEC, v:1, k:poo@budega, mode:FULL, rate:0, size:63
2025-11-18 13:49:44, EXEC, v:1, k:poo@budega, mode:FULL, rate:0
2025-11-18 13:49:45, EXEC, v:1, k:poo@budega, mode:FULL, rate:0
2025-11-18 14:16:51, EXEC, v:1, k:poo@budega, mode:FULL, rate:0, size:66
2025-11-18 14:16:52, EXEC, v:1, k:poo@budega, mode:FULL, rate:0
2025-11-18 14:18:08, EXEC, v:1, k:poo@budega, mode:FULL, rate:0, size:67
2025-11-18 14:18:09, EXEC, v:1, k:poo@budega, mode:FULL, rate:0
2025-11-18 14:19:12, EXEC, v:1, k:poo@budega, mode:FULL, rate:0, size:71
2025-11-18 14:19:12, EXEC, v:1, k:poo@budega, mode:FULL, rate:0, size:71
2025-11-18 14:20:15, EXEC, v:1, k:poo@budega, mode:FULL, rate:0, size:72
2025-11-18 14:20:15, EXEC, v:1, k:poo@budega, mode:FULL, rate:0, size:72
2025-11-18 14:21:06, EXEC, v:1, k:poo@budega, mode:FULL, rate:0, size:74
2025-11-18 14:21:31, EXEC, v:1, k:poo@budega, mode:FULL, rate:0, size:74
2025-11-18 14:22:56, MOVE, v:1, k:poo@budega, mode:BACK
2025-11-18 14:30:44, MOVE, v:1, k:poo@budega, mode:PICK
2025-11-18 14:30:45, EXEC, v:1, k:poo@budega, mode:FULL, rate:0
2025-11-18 14:31:05, MOVE, v:1, k:poo@budega, mode:BACK
2025-11-18 14:31:55, MOVE, v:1, k:poo@budega, mode:PICK
2025-11-18 14:31:56, EXEC, v:1, k:poo@budega, mode:FULL, rate:0
2025-11-18 14:33:47, EXEC, v:1, k:poo@budega, mode:FULL, rate:0, size:74
2025-11-18 15:16:07, EXEC, v:1, k:poo@budega, mode:FULL, rate:0, size:74
2025-11-18 15:16:07, MOVE, v:1, k:poo@budega, mode:BACK
