2025-11-11 15:56:45, MOVE, v:1, k:poo@budega, mode:DOWN
2025-11-11 15:56:45, MOVE, v:1, k:poo@budega, mode:PICK
2025-11-11 15:56:47, EXEC, v:1, k:poo@budega, mode:FULL, rate:0, size:0
2025-11-11 15:56:52, MOVE, v:1, k:poo@budega, mode:BACK
2025-11-11 16:10:27, MOVE, v:1, k:poo@budega, mode:PICK
2025-11-11 16:10:27, EXEC, v:1, k:poo@budega, mode:FULL, rate:0, size:2
2025-11-11 16:10:28, MOVE, v:1, k:poo@budega, mode:BACK
2025-11-11 16:10:41, MOVE, v:1, k:poo@budega, mode:PICK
2025-11-11 16:10:43, EXEC, v:1, k:poo@budega, mode:FULL, rate:0, size:3
2025-11-11 16:10:45, MOVE, v:1, k:poo@budega, mode:BACK
2025-11-11 16:11:08, MOVE, v:1, k:poo@budega, mode:PICK
2025-11-11 16:11:09, EXEC, v:1, k:poo@budega, mode:FULL, rate:0, size:6
2025-11-11 16:11:10, EXEC, v:1, k:poo@budega, mode:FULL, rate:0
2025-11-11 16:12:03, EXEC, v:1, k:poo@budega, mode:FULL, rate:0, size:10
2025-11-11 16:12:03, EXEC, v:1, k:poo@budega, mode:FULL, rate:0, size:10
2025-11-11 16:12:04, EXEC, v:1, k:poo@budega, mode:FULL, rate:0, size:10
2025-11-11 16:12:06, EXEC, v:1, k:poo@budega, mode:FULL, rate:0
2025-11-11 16:12:06, EXEC, v:1, k:poo@budega, mode:FULL, rate:0
2025-11-11 16:12:06, EXEC, v:1, k:poo@budega, mode:FULL, rate:0
2025-11-11 16:12:06, EXEC, v:1, k:poo@budega, mode:FULL, rate:0
2025-11-11 16:12:07, EXEC, v:1, k:poo@budega, mode:FULL, rate:0
2025-11-11 16:12:12, EXEC, v:1, k:poo@budega, mode:FULL, rate:0, size:10
2025-11-11 16:12:13, EXEC, v:1, k:poo@budega, mode:FULL, rate:0
2025-11-11 16:22:47, EXEC, v:1, k:poo@budega, mode:FULL, rate:0, size:12
2025-11-11 16:22:47, EXEC, v:1, k:poo@budega, mode:FULL, rate:0, size:12
2025-11-11 16:23:32, EXEC, v:1, k:poo@budega, mode:FULL, rate:0, size:13
2025-11-11 16:23:33, EXEC, v:1, k:poo@budega, mode:FULL, rate:0, size:13
2025-11-11 16:23:33, EXEC, v:1, k:poo@budega, mode:FULL, rate:0, size:13
2025-11-11 16:23:33, EXEC, v:1, k:poo@budega, mode:FULL, rate:0, size:13
2025-11-11 16:23:34, EXEC, v:1, k:poo@budega, mode:FULL, rate:0, size:13
2025-11-11 16:23:34, EXEC, v:1, k:poo@budega, mode:FULL, rate:0
2025-11-11 16:23:34, EXEC, v:1, k:poo@budega, mode:FULL, rate:0
2025-11-11 16:23:43, EXEC, v:1, k:poo@budega, mode:FULL, rate:0, size:13
2025-11-11 16:23:44, EXEC, v:1, k:poo@budega, mode:FULL, rate:0
2025-11-11 16:23:46, EXEC, v:1, k:poo@budega, mode:FULL, rate:0
2025-11-11 16:24:06, EXEC, v:1, k:poo@budega, mode:FULL, rate:0, size:16
2025-11-11 16:24:28, EXEC, v:1, k:poo@budega, mode:FULL, rate:0, size:18
2025-11-11 16:24:29, EXEC, v:1, k:poo@budega, mode:FULL, rate:0
2025-11-11 16:24:52, EXEC, v:1, k:poo@budega, mode:FULL, rate:0, size:19
2025-11-11 16:25:03, EXEC, v:1, k:poo@budega, mode:FULL, rate:0, size:18
2025-11-11 16:25:41, EXEC, v:1, k:poo@budega, mode:FULL, rate:0, size:19
2025-11-11 16:25:42, EXEC, v:1, k:poo@budega, mode:FULL, rate:0
2025-11-11 16:25:42, EXEC, v:1, k:poo@budega, mode:FULL, rate:0
2025-11-11 16:25:42, EXEC, v:1, k:poo@budega, mode:FULL, rate:0
2025-11-11 16:25:42, EXEC, v:1, k:poo@budega, mode:FULL, rate:0
2025-11-11 16:25:42, EXEC, v:1, k:poo@budega, mode:FULL, rate:0
2025-11-11 16:26:10, EXEC, v:1, k:poo@budega, mode:FULL, rate:0, size:21
2025-11-11 16:26:47, EXEC, v:1, k:poo@budega, mode:FULL, rate:0, size:21
2025-11-11 16:27:35, EXEC, v:1, k:poo@budega, mode:FULL, rate:0, size:7
2025-11-11 16:27:36, EXEC, v:1, k:poo@budega, mode:FULL, rate:0
2025-11-11 16:34:40, EXEC, v:1, k:poo@budega, mode:FULL, rate:0, size:15
2025-11-11 16:35:28, EXEC, v:1, k:poo@budega, mode:FULL, rate:0, size:19
2025-11-11 16:36:06, EXEC, v:1, k:poo@budega, mode:FULL, rate:0, size:22
2025-11-11 16:37:28, EXEC, v:1, k:poo@budega, mode:FULL, rate:0, size:29
2025-11-11 16:38:45, EXEC, v:1, k:poo@budega, mode:FULL, rate:0, size:35
2025-11-11 16:38:51, EXEC, v:1, k:poo@budega, mode:FULL, rate:0, size:36
2025-11-11 16:38:53, EXEC, v:1, k:poo@budega, mode:FULL, rate:0
2025-11-11 16:40:05, EXEC, v:1, k:poo@budega, mode:FULL, rate:0, size:40
2025-11-11 16:40:06, EXEC, v:1, k:poo@budega, mode:FULL, rate:0
2025-11-11 16:40:29, EXEC, v:1, k:poo@budega, mode:FULL, rate:0, size:41
2025-11-11 16:40:31, EXEC, v:1, k:poo@budega, mode:FULL, rate:0
2025-11-11 16:44:43, EXEC, v:1, k:poo@budega, mode:FULL, rate:0
2025-11-11 16:44:43, MOVE, v:1, k:poo@budega, mode:BACK
